mode: set
belee/controllers/paymentCtr.go:13.39,26.27 3 1
belee/controllers/paymentCtr.go:34.2,38.25 4 1
belee/controllers/paymentCtr.go:45.2,49.4 1 1
belee/controllers/paymentCtr.go:26.27,32.3 1 1
belee/controllers/paymentCtr.go:38.25,44.3 1 1
belee/controllers/paymentCtr.go:53.39,56.25 3 0
belee/controllers/paymentCtr.go:66.2,70.4 1 0
belee/controllers/paymentCtr.go:56.25,57.45 1 0
belee/controllers/paymentCtr.go:57.45,63.4 1 0
belee/controllers/productsCtr.go:15.43,21.34 5 1
belee/controllers/productsCtr.go:29.2,37.25 8 1
belee/controllers/productsCtr.go:44.2,60.4 4 1
belee/controllers/productsCtr.go:21.34,27.3 1 1
belee/controllers/productsCtr.go:37.25,43.3 1 0
belee/controllers/productsCtr.go:63.40,67.25 3 0
belee/controllers/productsCtr.go:75.2,79.4 1 0
belee/controllers/productsCtr.go:67.25,73.3 1 0
belee/controllers/productsCtr.go:82.43,93.84 3 1
belee/controllers/productsCtr.go:101.2,102.25 2 0
belee/controllers/productsCtr.go:110.2,112.25 3 0
belee/controllers/productsCtr.go:120.2,124.4 1 0
belee/controllers/productsCtr.go:93.84,99.3 1 1
belee/controllers/productsCtr.go:102.25,108.3 1 0
belee/controllers/productsCtr.go:112.25,118.3 1 0
belee/controllers/productsCtr.go:127.43,130.16 3 1
belee/controllers/productsCtr.go:138.2,139.25 2 0
belee/controllers/productsCtr.go:147.2,149.25 3 0
belee/controllers/productsCtr.go:157.2,161.4 1 0
belee/controllers/productsCtr.go:130.16,136.3 1 1
belee/controllers/productsCtr.go:139.25,145.3 1 0
belee/controllers/productsCtr.go:149.25,155.3 1 0
belee/controllers/productsCtr.go:165.44,171.95 3 1
belee/controllers/productsCtr.go:189.2,193.4 1 0
belee/controllers/productsCtr.go:171.95,177.3 1 1
belee/controllers/productsTypeCtr.go:13.43,18.35 3 1
belee/controllers/productsTypeCtr.go:26.2,30.25 4 1
belee/controllers/productsTypeCtr.go:38.2,42.4 1 1
belee/controllers/productsTypeCtr.go:18.35,24.3 1 1
belee/controllers/productsTypeCtr.go:30.25,36.3 1 0
belee/controllers/productsTypeCtr.go:45.51,49.85 3 1
belee/controllers/productsTypeCtr.go:57.2,61.4 1 0
belee/controllers/productsTypeCtr.go:49.85,55.3 1 1
belee/controllers/productsTypeCtr.go:65.43,69.25 3 0
belee/controllers/productsTypeCtr.go:77.2,81.4 1 0
belee/controllers/productsTypeCtr.go:69.25,75.3 1 0
belee/controllers/transactionCtr.go:17.43,35.39 7 1
belee/controllers/transactionCtr.go:42.2,52.25 10 1
belee/controllers/transactionCtr.go:61.2,86.4 6 1
belee/controllers/transactionCtr.go:35.39,41.3 1 1
belee/controllers/transactionCtr.go:52.25,58.3 1 0
belee/controllers/transactionCtr.go:90.47,98.85 7 1
belee/controllers/transactionCtr.go:105.2,124.4 6 0
belee/controllers/transactionCtr.go:98.85,104.3 1 1
belee/controllers/transactionCtr.go:127.46,130.16 3 1
belee/controllers/transactionCtr.go:138.2,139.25 2 0
belee/controllers/transactionCtr.go:147.2,149.25 3 0
belee/controllers/transactionCtr.go:157.2,161.4 1 0
belee/controllers/transactionCtr.go:130.16,136.3 1 1
belee/controllers/transactionCtr.go:139.25,145.3 1 0
belee/controllers/transactionCtr.go:149.25,155.3 1 0
belee/controllers/warungCtr.go:14.38,19.27 4 1
belee/controllers/warungCtr.go:27.2,43.25 6 1
belee/controllers/warungCtr.go:50.2,64.4 3 1
belee/controllers/warungCtr.go:19.27,25.3 1 1
belee/controllers/warungCtr.go:43.25,49.3 1 0
belee/controllers/warungCtr.go:67.45,72.82 4 1
belee/controllers/warungCtr.go:80.2,94.4 3 0
belee/controllers/warungCtr.go:72.82,78.3 1 1
belee/controllers/warungCtr.go:98.41,101.16 3 0
belee/controllers/warungCtr.go:109.2,110.25 2 0
belee/controllers/warungCtr.go:118.2,120.25 3 0
belee/controllers/warungCtr.go:128.2,132.4 1 0
belee/controllers/warungCtr.go:101.16,107.3 1 0
belee/controllers/warungCtr.go:110.25,116.3 1 0
belee/controllers/warungCtr.go:120.25,126.3 1 0
belee/controllers/warungCtr.go:136.38,140.25 3 0
belee/controllers/warungCtr.go:148.2,152.4 1 0
belee/controllers/warungCtr.go:140.25,146.3 1 0
belee/controllers/warungCtr.go:155.41,158.16 3 1
belee/controllers/warungCtr.go:166.2,167.25 2 0
belee/controllers/warungCtr.go:175.2,177.25 3 0
belee/controllers/warungCtr.go:185.2,189.4 1 0
belee/controllers/warungCtr.go:158.16,164.3 1 1
belee/controllers/warungCtr.go:167.25,173.3 1 0
belee/controllers/warungCtr.go:177.25,183.3 1 0
belee/controllers/buyersCtr.go:42.47,56.80 3 1
belee/controllers/buyersCtr.go:64.2,84.25 10 1
belee/controllers/buyersCtr.go:92.2,96.4 1 1
belee/controllers/buyersCtr.go:56.80,62.3 1 1
belee/controllers/buyersCtr.go:84.25,90.3 1 1
belee/controllers/buyersCtr.go:114.44,122.25 5 1
belee/controllers/buyersCtr.go:138.2,138.71 1 1
belee/controllers/buyersCtr.go:156.2,157.16 2 1
belee/controllers/buyersCtr.go:165.2,188.4 2 1
belee/controllers/buyersCtr.go:122.25,123.54 1 1
belee/controllers/buyersCtr.go:123.54,129.4 1 1
belee/controllers/buyersCtr.go:129.9,135.4 1 0
belee/controllers/buyersCtr.go:138.71,143.3 1 0
belee/controllers/buyersCtr.go:157.16,163.3 1 0
belee/controllers/buyersCtr.go:191.42,195.80 3 0
belee/controllers/buyersCtr.go:204.2,208.4 1 0
belee/controllers/buyersCtr.go:195.80,201.3 1 0
belee/controllers/ownersCtr.go:38.53,53.80 3 1
belee/controllers/ownersCtr.go:61.2,76.25 10 1
belee/controllers/ownersCtr.go:84.2,88.4 1 1
belee/controllers/ownersCtr.go:53.80,59.3 1 1
belee/controllers/ownersCtr.go:76.25,82.3 1 1
belee/controllers/ownersCtr.go:91.50,99.25 5 0
belee/controllers/ownersCtr.go:122.2,123.16 2 0
belee/controllers/ownersCtr.go:130.2,145.4 2 0
belee/controllers/ownersCtr.go:99.25,100.54 1 0
belee/controllers/ownersCtr.go:100.54,106.4 1 0
belee/controllers/ownersCtr.go:106.9,112.4 1 0
belee/controllers/ownersCtr.go:123.16,129.3 1 0
belee/controllers/ownersCtr.go:149.42,153.80 3 0
belee/controllers/ownersCtr.go:163.2,167.4 1 0
belee/controllers/ownersCtr.go:153.80,159.3 1 0
